d:\systemdesignanddevelop\librarymanagersystem10-18\librarymanagersystem10-18\debug\vc142.pdb
d:\systemdesignanddevelop\librarymanagersystem10-18\librarymanagersystem10-18\debug\vc142.idb
d:\systemdesignanddevelop\librarymanagersystem10-18\librarymanagersystem10-18\debug\user.obj
d:\systemdesignanddevelop\librarymanagersystem10-18\librarymanagersystem10-18\debug\record.obj
d:\systemdesignanddevelop\librarymanagersystem10-18\librarymanagersystem10-18\debug\operationrecord_user.obj
d:\systemdesignanddevelop\librarymanagersystem10-18\librarymanagersystem10-18\debug\operationrecord_book.obj
d:\systemdesignanddevelop\librarymanagersystem10-18\librarymanagersystem10-18\debug\manager.obj
d:\systemdesignanddevelop\librarymanagersystem10-18\librarymanagersystem10-18\debug\main.obj
d:\systemdesignanddevelop\librarymanagersystem10-18\librarymanagersystem10-18\debug\library.obj
d:\systemdesignanddevelop\librarymanagersystem10-18\librarymanagersystem10-18\debug\finerecord.obj
d:\systemdesignanddevelop\librarymanagersystem10-18\librarymanagersystem10-18\debug\book.obj
d:\systemdesignanddevelop\librarymanagersystem10-18\librarymanagersystem10-18\debug\manager.exe
d:\systemdesignanddevelop\librarymanagersystem10-18\librarymanagersystem10-18\debug\manager.ilk
d:\systemdesignanddevelop\librarymanagersystem10-18\librarymanagersystem10-18\debug\manager.pdb
d:\systemdesignanddevelop\librarymanagersystem10-18\librarymanagersystem10-18\debug\manager.tlog\cl.command.1.tlog
d:\systemdesignanddevelop\librarymanagersystem10-18\librarymanagersystem10-18\debug\manager.tlog\cl.read.1.tlog
d:\systemdesignanddevelop\librarymanagersystem10-18\librarymanagersystem10-18\debug\manager.tlog\cl.write.1.tlog
d:\systemdesignanddevelop\librarymanagersystem10-18\librarymanagersystem10-18\debug\manager.tlog\link.command.1.tlog
d:\systemdesignanddevelop\librarymanagersystem10-18\librarymanagersystem10-18\debug\manager.tlog\link.read.1.tlog
d:\systemdesignanddevelop\librarymanagersystem10-18\librarymanagersystem10-18\debug\manager.tlog\link.write.1.tlog
